<?xml version="1.0" encoding="UTF-8"?>
<testsuite xmlns:xsi="http://www.w3.org/2001/XMLSchema-instance" xsi:noNamespaceSchemaLocation="https://maven.apache.org/surefire/maven-surefire-plugin/xsd/surefire-test-report.xsd" name="com.onsel.net.petckinic.web.PetClinicRestControllerTests" time="13.019" tests="6" errors="6" skipped="0" failures="0">
  <properties>
[...]
</properties>
  <testcase name="testDeleteOwner" classname="com.onsel.net.petckinic.web.PetClinicRestControllerTests" time="2.579">
    <error message="I/O error on DELETE request for &quot;http://localhost:8080/rest/owner/1&quot;: Connection refused: connect; nested exception is java.net.ConnectException: Connection refused: connect" type="org.springframework.web.client.ResourceAccessException">org.springframework.web.client.ResourceAccessException: I/O error on DELETE request for "http://localhost:8080/rest/owner/1": Connection refused: connect; nested exception is java.net.ConnectException: Connection refused: connect
	at com.onsel.net.petckinic.web.PetClinicRestControllerTests.testDeleteOwner(PetClinicRestControllerTests.java:31)
Caused by: java.net.ConnectException: Connection refused: connect
	at com.onsel.net.petckinic.web.PetClinicRestControllerTests.testDeleteOwner(PetClinicRestControllerTests.java:31)
</error>
    <system-out><![CDATA[21:25:26.841 [main] DEBUG org.springframework.web.client.RestTemplate - Created DELETE request for "http://localhost:8080/rest/owner/1"
]]></system-out>
  </testcase>
  <testcase name="testCreateOwner" classname="com.onsel.net.petckinic.web.PetClinicRestControllerTests" time="2.148">
    <error message="I/O error on POST request for &quot;http://localhost:8080/rest/owner&quot;: Connection refused: connect; nested exception is java.net.ConnectException: Connection refused: connect" type="org.springframework.web.client.ResourceAccessException">org.springframework.web.client.ResourceAccessException: I/O error on POST request for "http://localhost:8080/rest/owner": Connection refused: connect; nested exception is java.net.ConnectException: Connection refused: connect
	at com.onsel.net.petckinic.web.PetClinicRestControllerTests.testCreateOwner(PetClinicRestControllerTests.java:66)
Caused by: java.net.ConnectException: Connection refused: connect
	at com.onsel.net.petckinic.web.PetClinicRestControllerTests.testCreateOwner(PetClinicRestControllerTests.java:66)
</error>
    <system-out><![CDATA[21:25:28.898 [main] DEBUG org.springframework.web.client.RestTemplate - Created POST request for "http://localhost:8080/rest/owner"
21:25:28.928 [main] DEBUG org.springframework.web.client.RestTemplate - Writing [Owner [id=null, firstName=Önsel, lastName=AYDIN]] using [org.springframework.http.converter.xml.Jaxb2RootElementHttpMessageConverter@51399530]
]]></system-out>
  </testcase>
  <testcase name="testGetOwnersByLastName" classname="com.onsel.net.petckinic.web.PetClinicRestControllerTests" time="2.075">
    <error message="I/O error on GET request for &quot;http://localhost:8080/rest/owner&quot;: Connection refused: connect; nested exception is java.net.ConnectException: Connection refused: connect" type="org.springframework.web.client.ResourceAccessException">org.springframework.web.client.ResourceAccessException: I/O error on GET request for "http://localhost:8080/rest/owner": Connection refused: connect; nested exception is java.net.ConnectException: Connection refused: connect
	at com.onsel.net.petckinic.web.PetClinicRestControllerTests.testGetOwnersByLastName(PetClinicRestControllerTests.java:83)
Caused by: java.net.ConnectException: Connection refused: connect
	at com.onsel.net.petckinic.web.PetClinicRestControllerTests.testGetOwnersByLastName(PetClinicRestControllerTests.java:83)
</error>
    <system-out><![CDATA[21:25:31.051 [main] DEBUG org.springframework.web.client.RestTemplate - Created GET request for "http://localhost:8080/rest/owner?ln=Ayd%C4%B1n"
21:25:31.108 [main] DEBUG org.springframework.web.client.RestTemplate - Setting request Accept header to [application/json, application/*+json]
]]></system-out>
  </testcase>
  <testcase name="testGetOwnerById" classname="com.onsel.net.petckinic.web.PetClinicRestControllerTests" time="2.09">
    <error message="I/O error on GET request for &quot;http://localhost:8080/rest/owner/1&quot;: Connection refused: connect; nested exception is java.net.ConnectException: Connection refused: connect" type="org.springframework.web.client.ResourceAccessException">org.springframework.web.client.ResourceAccessException: I/O error on GET request for "http://localhost:8080/rest/owner/1": Connection refused: connect; nested exception is java.net.ConnectException: Connection refused: connect
	at com.onsel.net.petckinic.web.PetClinicRestControllerTests.testGetOwnerById(PetClinicRestControllerTests.java:77)
Caused by: java.net.ConnectException: Connection refused: connect
	at com.onsel.net.petckinic.web.PetClinicRestControllerTests.testGetOwnerById(PetClinicRestControllerTests.java:77)
</error>
    <system-out><![CDATA[21:25:33.120 [main] DEBUG org.springframework.web.client.RestTemplate - Created GET request for "http://localhost:8080/rest/owner/1"
21:25:33.198 [main] DEBUG org.springframework.web.client.RestTemplate - Setting request Accept header to [application/xml, text/xml, application/json, application/*+xml, application/*+json]
]]></system-out>
  </testcase>
  <testcase name="testGetOwners" classname="com.onsel.net.petckinic.web.PetClinicRestControllerTests" time="2.028">
    <error message="I/O error on GET request for &quot;http://localhost:8080/rest/owners&quot;: Connection refused: connect; nested exception is java.net.ConnectException: Connection refused: connect" type="org.springframework.web.client.ResourceAccessException">org.springframework.web.client.ResourceAccessException: I/O error on GET request for "http://localhost:8080/rest/owners": Connection refused: connect; nested exception is java.net.ConnectException: Connection refused: connect
	at com.onsel.net.petckinic.web.PetClinicRestControllerTests.testGetOwners(PetClinicRestControllerTests.java:93)
Caused by: java.net.ConnectException: Connection refused: connect
	at com.onsel.net.petckinic.web.PetClinicRestControllerTests.testGetOwners(PetClinicRestControllerTests.java:93)
</error>
    <system-out><![CDATA[21:25:35.209 [main] DEBUG org.springframework.web.client.RestTemplate - Created GET request for "http://localhost:8080/rest/owners"
21:25:35.211 [main] DEBUG org.springframework.web.client.RestTemplate - Setting request Accept header to [application/json, application/*+json]
]]></system-out>
  </testcase>
  <testcase name="testupdateOwner" classname="com.onsel.net.petckinic.web.PetClinicRestControllerTests" time="2.008">
    <error message="I/O error on GET request for &quot;http://localhost:8080/rest/owner/1&quot;: Connection refused: connect; nested exception is java.net.ConnectException: Connection refused: connect" type="org.springframework.web.client.ResourceAccessException">org.springframework.web.client.ResourceAccessException: I/O error on GET request for "http://localhost:8080/rest/owner/1": Connection refused: connect; nested exception is java.net.ConnectException: Connection refused: connect
	at com.onsel.net.petckinic.web.PetClinicRestControllerTests.testupdateOwner(PetClinicRestControllerTests.java:50)
Caused by: java.net.ConnectException: Connection refused: connect
	at com.onsel.net.petckinic.web.PetClinicRestControllerTests.testupdateOwner(PetClinicRestControllerTests.java:50)
</error>
    <system-out><![CDATA[21:25:37.228 [main] DEBUG org.springframework.web.client.RestTemplate - Created GET request for "http://localhost:8080/rest/owner/1"
21:25:37.231 [main] DEBUG org.springframework.web.client.RestTemplate - Setting request Accept header to [application/xml, text/xml, application/json, application/*+xml, application/*+json]
]]></system-out>
  </testcase>
</testsuite>